[dotenv@17.2.4] injecting env (3) from .env -- tip: 🔐 prevent building .env in docker: https://dotenvx.com/prebuild
Server running at http://localhost:3002
2026-02-06T10:33:37.756Z - GET /api/scores
(node:23844) Warning: SECURITY WARNING: The SSL modes 'prefer', 'require', and 'verify-ca' are treated as aliases for 'verify-full'.
In the next major version (pg-connection-string v3.0.0 and pg v9.0.0), these modes will adopt standard libpq semantics, which have weaker security guarantees.

To prepare for this change:
- If you want the current behavior, explicitly use 'sslmode=verify-full'
- If you want libpq compatibility now, use 'uselibpqcompat=true&sslmode=require'

See https://www.postgresql.org/docs/current/libpq-ssl.html for libpq SSL mode definitions.
(Use `node --trace-warnings ...` to show where the warning was created)
2026-02-06T10:33:51.778Z - GET /
2026-02-06T10:33:52.034Z - GET /api/config
2026-02-06T10:33:52.142Z - GET /favicon.ico
2026-02-06T10:33:53.803Z - GET /api/scores
2026-02-06T10:35:11.103Z - GET /
2026-02-06T10:35:11.122Z - GET /
2026-02-06T10:35:11.164Z - GET /api/config
2026-02-06T10:35:11.239Z - GET /api/config
2026-02-06T10:35:11.294Z - GET /favicon.ico
2026-02-06T10:35:11.315Z - GET /favicon.ico
2026-02-06T10:35:11.673Z - GET /api/scores
2026-02-06T10:35:13.554Z - GET /api/scores
2026-02-06T10:37:28.809Z - GET /
2026-02-06T10:37:29.099Z - GET /api/config
2026-02-06T10:37:29.252Z - GET /favicon.ico
2026-02-06T10:37:30.638Z - GET /api/scores
2026-02-06T10:39:08.864Z - GET /
2026-02-06T10:39:09.478Z - GET /api/config
2026-02-06T10:39:09.765Z - GET /favicon.ico
2026-02-06T10:39:09.918Z - GET /favicon.ico
2026-02-06T10:39:11.322Z - GET /api/scores
2026-02-06T10:39:11.326Z - GET /favicon.ico
2026-02-06T10:39:16.503Z - GET /favicon.ico
2026-02-06T10:39:16.633Z - GET /favicon.ico
2026-02-06T10:39:16.754Z - GET /favicon.ico
2026-02-06T10:39:16.882Z - GET /favicon.ico
2026-02-06T10:39:16.994Z - GET /favicon.ico
2026-02-06T10:39:17.265Z - GET /favicon.ico
2026-02-06T10:39:17.372Z - GET /favicon.ico
2026-02-06T10:39:17.517Z - GET /favicon.ico
2026-02-06T10:39:17.633Z - GET /favicon.ico
2026-02-06T10:39:17.742Z - GET /favicon.ico
2026-02-06T10:39:17.859Z - GET /favicon.ico
2026-02-06T10:39:17.978Z - GET /favicon.ico
2026-02-06T10:39:18.080Z - GET /favicon.ico
2026-02-06T10:39:18.173Z - GET /favicon.ico
2026-02-06T10:39:18.263Z - GET /favicon.ico
2026-02-06T10:39:18.362Z - GET /favicon.ico
2026-02-06T10:39:18.479Z - GET /favicon.ico
2026-02-06T10:39:18.573Z - GET /favicon.ico
2026-02-06T10:39:18.662Z - GET /favicon.ico
2026-02-06T10:39:18.787Z - GET /favicon.ico
2026-02-06T10:39:18.905Z - GET /favicon.ico
2026-02-06T10:39:19.008Z - GET /favicon.ico
2026-02-06T10:39:19.142Z - GET /favicon.ico
2026-02-06T10:39:19.237Z - GET /favicon.ico
2026-02-06T10:39:19.362Z - GET /favicon.ico
2026-02-06T10:39:19.472Z - GET /favicon.ico
2026-02-06T10:39:19.587Z - GET /favicon.ico
2026-02-06T10:39:19.709Z - GET /favicon.ico
2026-02-06T10:39:19.802Z - GET /favicon.ico
2026-02-06T10:39:19.907Z - GET /favicon.ico
2026-02-06T10:39:20.007Z - GET /favicon.ico
2026-02-06T10:39:20.124Z - GET /favicon.ico
2026-02-06T10:39:20.237Z - GET /favicon.ico
2026-02-06T10:39:20.323Z - GET /favicon.ico
2026-02-06T10:39:20.416Z - GET /favicon.ico
2026-02-06T10:39:20.517Z - GET /favicon.ico
2026-02-06T10:39:20.623Z - GET /favicon.ico
2026-02-06T10:39:20.742Z - GET /favicon.ico
2026-02-06T10:39:20.858Z - GET /favicon.ico
2026-02-06T10:39:20.973Z - GET /favicon.ico
2026-02-06T10:39:21.078Z - GET /favicon.ico
2026-02-06T10:39:21.181Z - GET /favicon.ico
2026-02-06T10:39:21.293Z - GET /favicon.ico
2026-02-06T10:39:21.382Z - GET /favicon.ico
2026-02-06T10:39:21.492Z - GET /favicon.ico
2026-02-06T10:39:21.607Z - GET /favicon.ico
2026-02-06T10:39:21.729Z - GET /favicon.ico
2026-02-06T10:39:21.834Z - GET /favicon.ico
2026-02-06T10:39:21.956Z - GET /favicon.ico
2026-02-06T10:39:22.057Z - GET /favicon.ico
2026-02-06T10:39:22.172Z - GET /favicon.ico
2026-02-06T10:39:22.302Z - GET /favicon.ico
2026-02-06T10:39:22.412Z - GET /favicon.ico
2026-02-06T10:39:22.525Z - GET /favicon.ico
2026-02-06T10:39:22.629Z - GET /favicon.ico
2026-02-06T10:39:22.752Z - GET /favicon.ico
2026-02-06T10:39:22.857Z - GET /favicon.ico
2026-02-06T10:39:22.979Z - GET /favicon.ico
2026-02-06T10:39:23.081Z - GET /favicon.ico
2026-02-06T10:39:23.181Z - GET /favicon.ico
2026-02-06T10:39:23.293Z - GET /favicon.ico
2026-02-06T10:39:23.407Z - GET /favicon.ico
2026-02-06T10:39:23.497Z - GET /favicon.ico
2026-02-06T10:39:23.617Z - GET /favicon.ico
2026-02-06T10:39:23.730Z - GET /favicon.ico
2026-02-06T10:39:23.830Z - GET /favicon.ico
2026-02-06T10:39:23.953Z - GET /favicon.ico
2026-02-06T10:39:24.046Z - GET /favicon.ico
2026-02-06T10:39:24.159Z - GET /favicon.ico
2026-02-06T10:39:24.273Z - GET /favicon.ico
2026-02-06T10:39:24.386Z - GET /favicon.ico
2026-02-06T10:39:24.492Z - GET /favicon.ico
2026-02-06T10:39:24.605Z - GET /favicon.ico
2026-02-06T10:39:24.703Z - GET /favicon.ico
2026-02-06T10:39:42.356Z - GET /favicon.ico
2026-02-06T10:39:42.479Z - GET /favicon.ico
2026-02-06T10:39:42.575Z - GET /favicon.ico
2026-02-06T10:39:42.677Z - GET /favicon.ico
2026-02-06T10:39:42.787Z - GET /favicon.ico
2026-02-06T10:39:42.887Z - GET /favicon.ico
2026-02-06T10:39:42.998Z - GET /favicon.ico
2026-02-06T10:39:43.109Z - GET /favicon.ico
2026-02-06T10:39:43.208Z - GET /favicon.ico
2026-02-06T10:39:43.309Z - GET /favicon.ico
2026-02-06T10:39:43.423Z - GET /favicon.ico
2026-02-06T10:39:43.529Z - GET /favicon.ico
2026-02-06T10:39:43.637Z - GET /favicon.ico
2026-02-06T10:39:43.749Z - GET /favicon.ico
2026-02-06T10:39:43.848Z - GET /favicon.ico
2026-02-06T10:39:43.932Z - GET /api/scores
2026-02-06T10:39:43.963Z - GET /favicon.ico
2026-02-06T10:39:44.069Z - GET /favicon.ico
2026-02-06T10:39:44.169Z - GET /favicon.ico
2026-02-06T10:39:44.266Z - GET /favicon.ico
2026-02-06T10:39:44.368Z - GET /favicon.ico
2026-02-06T10:39:44.468Z - GET /favicon.ico
2026-02-06T10:39:44.569Z - GET /favicon.ico
2026-02-06T10:39:44.667Z - GET /favicon.ico
2026-02-06T10:39:44.766Z - GET /favicon.ico
2026-02-06T10:39:44.867Z - GET /favicon.ico
2026-02-06T10:39:44.962Z - GET /favicon.ico
2026-02-06T10:39:45.076Z - GET /favicon.ico
2026-02-06T10:39:45.198Z - GET /favicon.ico
2026-02-06T10:39:45.327Z - GET /favicon.ico
2026-02-06T10:39:45.437Z - GET /favicon.ico
2026-02-06T10:39:45.548Z - GET /favicon.ico
2026-02-06T10:39:45.662Z - GET /favicon.ico
2026-02-06T10:39:45.764Z - GET /favicon.ico
2026-02-06T10:39:45.867Z - GET /favicon.ico
2026-02-06T10:39:45.983Z - GET /favicon.ico
2026-02-06T10:40:14.179Z - GET /api/scores
2026-02-06T10:41:03.697Z - GET /api/scores
2026-02-06T10:41:25.007Z - GET /favicon.ico
2026-02-06T10:41:25.156Z - GET /favicon.ico
2026-02-06T10:41:25.294Z - GET /favicon.ico
2026-02-06T10:41:25.409Z - GET /favicon.ico
2026-02-06T10:41:25.528Z - GET /favicon.ico
2026-02-06T10:41:25.649Z - GET /favicon.ico
2026-02-06T10:41:25.783Z - GET /favicon.ico
2026-02-06T10:41:25.896Z - GET /favicon.ico
2026-02-06T10:41:26.024Z - GET /favicon.ico
2026-02-06T10:41:26.143Z - GET /favicon.ico
2026-02-06T10:41:26.288Z - GET /favicon.ico
2026-02-06T10:41:26.412Z - GET /favicon.ico
2026-02-06T10:41:26.529Z - GET /favicon.ico
2026-02-06T10:41:26.670Z - GET /favicon.ico
2026-02-06T10:41:26.769Z - GET /favicon.ico
2026-02-06T10:41:26.890Z - GET /favicon.ico
2026-02-06T10:41:27.011Z - GET /favicon.ico
2026-02-06T10:41:27.130Z - GET /favicon.ico
2026-02-06T10:41:27.250Z - GET /favicon.ico
2026-02-06T10:41:27.369Z - GET /favicon.ico
2026-02-06T10:41:27.489Z - GET /favicon.ico
2026-02-06T10:41:27.617Z - GET /favicon.ico
2026-02-06T10:41:27.728Z - GET /favicon.ico
2026-02-06T10:41:27.849Z - GET /favicon.ico
2026-02-06T10:41:27.969Z - GET /favicon.ico
2026-02-06T10:41:28.100Z - GET /favicon.ico
2026-02-06T10:41:28.209Z - GET /favicon.ico
2026-02-06T10:41:28.343Z - GET /favicon.ico
2026-02-06T10:41:28.448Z - GET /favicon.ico
2026-02-06T10:41:28.578Z - GET /favicon.ico
2026-02-06T10:41:28.689Z - GET /favicon.ico
2026-02-06T10:41:28.809Z - GET /favicon.ico
2026-02-06T10:41:29.048Z - GET /favicon.ico
2026-02-06T10:41:29.168Z - GET /favicon.ico
2026-02-06T10:41:29.288Z - GET /favicon.ico
2026-02-06T10:41:29.409Z - GET /favicon.ico
2026-02-06T10:41:29.568Z - GET /favicon.ico
2026-02-06T10:41:29.688Z - GET /favicon.ico
2026-02-06T10:41:29.808Z - GET /favicon.ico
2026-02-06T10:41:29.928Z - GET /favicon.ico
2026-02-06T10:41:30.047Z - GET /favicon.ico
2026-02-06T10:41:33.901Z - GET /api/scores
2026-02-06T10:42:03.684Z - GET /api/scores
2026-02-06T10:42:33.852Z - GET /api/scores
2026-02-06T10:44:28.804Z - GET /api/scores
2026-02-06T10:44:58.704Z - GET /api/scores
